\BOOKMARK [1][-]{section.1}{\376\377\000I\000n\000t\000r\000o\000d\000u\000c\000t\000i\000o\000n}{}% 1
\BOOKMARK [2][-]{subsection.1.1}{\376\377\000C\000a\000n\000a\000u\000x\000\040\000d\000e\000\040\000c\000o\000m\000m\000u\000n\000i\000c\000a\000t\000i\000o\000n}{section.1}% 2
\BOOKMARK [2][-]{subsection.1.2}{\376\377\000T\000r\000a\000n\000s\000f\000o\000r\000m\000a\000t\000i\000o\000n\000\040\000d\000e\000\040\000F\000o\000u\000r\000r\000i\000e\000r}{section.1}% 3
\BOOKMARK [2][-]{subsection.1.3}{\376\377\000B\000a\000n\000d\000e\000\040\000d\000e\000\040\000F\000r\000\351\000q\000u\000e\000n\000c\000e}{section.1}% 4
\BOOKMARK [2][-]{subsection.1.4}{\376\377\000E\000x\000e\000m\000p\000l\000e\000s}{section.1}% 5
\BOOKMARK [3][-]{subsubsection.1.4.1}{\376\377\000S\000o\000n}{subsection.1.4}% 6
\BOOKMARK [3][-]{subsubsection.1.4.2}{\376\377\000S\000t\000\351\000r\000\351\000o}{subsection.1.4}% 7
\BOOKMARK [3][-]{subsubsection.1.4.3}{\376\377\000T\000V\000\040\000a\000n\000a\000l\000o\000g\000i\000q\000u\000e}{subsection.1.4}% 8
\BOOKMARK [2][-]{subsection.1.5}{\376\377\000S\000i\000g\000n\000a\000u\000x\000\040\000n\000u\000m\000\351\000r\000i\000q\000u\000e}{section.1}% 9
\BOOKMARK [2][-]{subsection.1.6}{\376\377\000N\000u\000m\000\351\000r\000i\000s\000a\000t\000i\000o\000n}{section.1}% 10
\BOOKMARK [1][-]{section.2}{\376\377\000L\000i\000g\000n\000e\000s}{}% 11
\BOOKMARK [2][-]{subsection.2.1}{\376\377\000M\000o\000d\000\351\000l\000i\000s\000a\000t\000i\000o\000n\000\040\000d\000'\000u\000n\000e\000\040\000l\000i\000g\000n\000e}{section.2}% 12
\BOOKMARK [2][-]{subsection.2.2}{\376\377\000E\000f\000f\000e\000t\000\040\000p\000e\000l\000l\000i\000c\000u\000l\000a\000i\000r\000e}{section.2}% 13
\BOOKMARK [2][-]{subsection.2.3}{\376\377\000A\000t\000t\000\351\000n\000u\000a\000t\000i\000o\000n}{section.2}% 14
\BOOKMARK [2][-]{subsection.2.4}{\376\377\000D\000i\000s\000p\000e\000r\000s\000i\000o\000n}{section.2}% 15
\BOOKMARK [2][-]{subsection.2.5}{\376\377\000I\000m\000p\000\351\000d\000a\000n\000c\000e\000\040\000c\000a\000r\000a\000c\000t\000\351\000r\000i\000s\000t\000i\000q\000u\000e}{section.2}% 16
\BOOKMARK [2][-]{subsection.2.6}{\376\377\000E\000x\000p\000o\000s\000a\000n\000t\000\040\000d\000e\000\040\000p\000r\000o\000p\000a\000g\000a\000t\000i\000o\000n}{section.2}% 17
\BOOKMARK [3][-]{subsubsection.2.6.1}{\376\377\000C\000a\000s\000\040\0001}{subsection.2.6}% 18
\BOOKMARK [3][-]{subsubsection.2.6.2}{\376\377\000C\000a\000s\000\040\0002}{subsection.2.6}% 19
\BOOKMARK [2][-]{subsection.2.7}{\376\377\000P\000u\000p\000i\000n\000i\000s\000a\000t\000i\000o\000n}{section.2}% 20
\BOOKMARK [2][-]{subsection.2.8}{\376\377\000L\000i\000g\000n\000e\000s\000\040\000B\000i\000f\000i\000l\000a\000i\000r\000e}{section.2}% 21
\BOOKMARK [2][-]{subsection.2.9}{\376\377\000C\000a\000b\000l\000e\000\040\000c\000o\000a\000x\000i\000a\000l}{section.2}% 22
\BOOKMARK [2][-]{subsection.2.10}{\376\377\000F\000i\000b\000r\000e\000\040\000o\000p\000t\000i\000q\000u\000e}{section.2}% 23
\BOOKMARK [3][-]{subsubsection.2.10.1}{\376\377\000M\000a\000n\000i\000e\000r\000e\000\040\000d\000e\000\040\000g\000e\000r\000e\000r\000\040\000l\000e\000s\000\040\000m\000o\000d\000e\000s}{subsection.2.10}% 24
\BOOKMARK [3][-]{subsubsection.2.10.2}{\376\377\000T\000r\000a\000n\000s\000m\000i\000s\000s\000i\000o\000n\000\040\000d\000a\000n\000s\000\040\000u\000n\000e\000\040\000f\000i\000b\000r\000e\000\040\000o\000p\000t\000i\000q\000u\000e}{subsection.2.10}% 25
\BOOKMARK [1][-]{section.3}{\376\377\000P\000r\000o\000p\000a\000g\000a\000t\000i\000o\000n\000\040\000a\000t\000m\000o\000s\000p\000h\000\351\000r\000i\000q\000u\000e\000\040\000e\000t\000\040\000A\000n\000t\000e\000n\000n\000e\000s}{}% 26
\BOOKMARK [2][-]{subsection.3.1}{\376\377\000O\000n\000d\000e\000s\000\040\000d\000i\000r\000e\000c\000t}{section.3}% 27
\BOOKMARK [2][-]{subsection.3.2}{\376\377\000O\000n\000d\000e\000s\000\040\000d\000e\000\040\000s\000o\000l}{section.3}% 28
\BOOKMARK [2][-]{subsection.3.3}{\376\377\000o\000n\000d\000e\000\040\000i\000o\000n\000o\000s\000p\000h\000\351\000r\000i\000q\000u\000e}{section.3}% 29
\BOOKMARK [2][-]{subsection.3.4}{\376\377\000O\000n\000d\000e\000\040\000p\000a\000r\000\040\000s\000a\000t\000e\000l\000l\000i\000t\000e}{section.3}% 30
\BOOKMARK [2][-]{subsection.3.5}{\376\377\000A\000n\000t\000e\000n\000n\000e\000s}{section.3}% 31
\BOOKMARK [3][-]{subsubsection.3.5.1}{\376\377\000D\000i\000p\000o\000l\000e\000\040\000/\0002}{subsection.3.5}% 32
\BOOKMARK [3][-]{subsubsection.3.5.2}{\376\377\000E\000n\000d\000f\000i\000r\000e}{subsection.3.5}% 33
\BOOKMARK [3][-]{subsubsection.3.5.3}{\376\377\000Y\000a\000g\000i}{subsection.3.5}% 34
\BOOKMARK [3][-]{subsubsection.3.5.4}{\376\377\000P\000a\000r\000a\000b\000o\000l\000i\000q\000u\000e}{subsection.3.5}% 35
\BOOKMARK [3][-]{subsubsection.3.5.5}{\376\377\000R\000\351\000s\000e\000a\000u\000\040\000d\000'\000a\000n\000t\000e\000n\000n\000e}{subsection.3.5}% 36
\BOOKMARK [1][-]{section.4}{\376\377\000M\000o\000d\000u\000l\000a\000t\000i\000o\000n}{}% 37
\BOOKMARK [2][-]{subsection.4.1}{\376\377\000M\000o\000d\000u\000l\000a\000t\000i\000o\000n\000\040\000e\000n\000\040\000b\000a\000n\000d\000e\000\040\000d\000e\000\040\000b\000a\000s\000e}{section.4}% 38
\BOOKMARK [2][-]{subsection.4.2}{\376\377\000M\000o\000d\000u\000l\000a\000t\000i\000o\000n\000\040\000d\000'\000a\000m\000p\000l\000i\000t\000u\000d\000e\000\040\000\050\000A\000M\000\051}{section.4}% 39
\BOOKMARK [3][-]{subsubsection.4.2.1}{\376\377\000M\000o\000d\000u\000l\000a\000t\000i\000o\000n\000\040\000a\000u\000t\000o\000u\000r\000\040\000d\000'\000u\000n\000\040\000p\000o\000r\000t\000e\000u\000s\000e}{subsection.4.2}% 40
\BOOKMARK [3][-]{subsubsection.4.2.2}{\376\377\000F\000i\000l\000t\000r\000a\000g\000e}{subsection.4.2}% 41
\BOOKMARK [3][-]{subsubsection.4.2.3}{\376\377\000B\000a\000n\000d\000e\000s\000\040\000l\000a\000t\000\351\000r\000a\000l\000e\000s}{subsection.4.2}% 42
\BOOKMARK [2][-]{subsection.4.3}{\376\377\000A\000\040\000C\000O\000N\000T\000I\000N\000U\000E\000R}{section.4}% 43
\BOOKMARK [1][-]{section.5}{\376\377\000A\000p\000p\000l\000i\000c\000a\000t\000i\000o\000n}{}% 44
\BOOKMARK [2][-]{subsection.5.1}{\376\377\000R\000\351\000c\000e\000p\000t\000i\000o\000n\000\040\000s\000u\000p\000e\000r\000h\000\351\000t\000\351\000r\000o\000d\000y\000n\000e}{section.5}% 45
\BOOKMARK [2][-]{subsection.5.2}{\376\377\000R\000a\000d\000i\000o}{section.5}% 46
\BOOKMARK [3][-]{subsubsection.5.2.1}{\376\377\000P\000o\000u\000q\000u\000o\000i\000\040\000p\000l\000u\000s\000\040\000r\000a\000d\000i\000o\000\040\000F\000M\000\040\000q\000u\000e\000\040\000A\000M\000\040\000?}{subsection.5.2}% 47
\BOOKMARK [2][-]{subsection.5.3}{\376\377\000S\000i\000g\000n\000a\000l\000\040\000s\000t\000\351\000r\000\351\000o\000\040\000R\000a\000d\000i\000o}{section.5}% 48
\BOOKMARK [3][-]{subsubsection.5.3.1}{\376\377\000M\000o\000d\000u\000l\000a\000t\000i\000o\000n}{subsection.5.3}% 49
\BOOKMARK [3][-]{subsubsection.5.3.2}{\376\377\000E\000m\000e\000t\000t\000e\000u\000r}{subsection.5.3}% 50
\BOOKMARK [3][-]{subsubsection.5.3.3}{\376\377\000R\000\351\000c\000e\000p\000t\000e\000u\000r\000\040\000s\000t\000\351\000r\000\351\000o\000\040}{subsection.5.3}% 51
\BOOKMARK [2][-]{subsection.5.4}{\376\377\000T\000V\000\040\000n\000o\000i\000r\000\040\000e\000t\000\040\000b\000l\000a\000n\000c}{section.5}% 52
\BOOKMARK [3][-]{subsubsection.5.4.1}{\376\377\000M\000o\000d\000u\000l\000a\000t\000i\000o\000n}{subsection.5.4}% 53
\BOOKMARK [3][-]{subsubsection.5.4.2}{\376\377\000E\000m\000e\000t\000t\000e\000u\000r}{subsection.5.4}% 54
\BOOKMARK [3][-]{subsubsection.5.4.3}{\376\377\000R\000e\000c\000e\000p\000t\000e\000u\000r}{subsection.5.4}% 55
\BOOKMARK [2][-]{subsection.5.5}{\376\377\000T\000V\000\040\000c\000o\000u\000l\000e\000u\000r\000s}{section.5}% 56
\BOOKMARK [3][-]{subsubsection.5.5.1}{\376\377\000S\000y\000s\000t\000\350\000m\000e\000\040\000N\000T\000S\000C}{subsection.5.5}% 57
\BOOKMARK [3][-]{subsubsection.5.5.2}{\376\377\000S\000y\000s\000t\000\350\000m\000e\000\040\000P\000A\000L}{subsection.5.5}% 58
\BOOKMARK [3][-]{subsubsection.5.5.3}{\376\377\000C\000r\000\351\000a\000t\000i\000o\000n\000\040\000d\000u\000\040\000s\000i\000g\000n\000a\000l\000\040\000P\000A\000L}{subsection.5.5}% 59
\BOOKMARK [3][-]{subsubsection.5.5.4}{\376\377\000S\000y\000s\000t\000h\000e\000m\000e\000\040\000S\000E\000C\000A\000M}{subsection.5.5}% 60
\BOOKMARK [2][-]{subsection.5.6}{\376\377\000T\000V\000\040\000n\000u\000m\000\351\000r\000i\000q\000u\000e}{section.5}% 61
\BOOKMARK [1][-]{section.6}{\376\377\000T\000r\000a\000n\000s\000m\000i\000s\000s\000i\000o\000n\000\040\000d\000e\000\040\000d\000o\000n\000n\000\351\000e\000s}{}% 62
\BOOKMARK [2][-]{subsection.6.1}{\376\377\000P\000r\000o\000t\000o\000c\000o\000l\000e\000s\000\040\000d\000e\000\040\000l\000i\000a\000i\000s\000o\000n}{section.6}% 63
\BOOKMARK [2][-]{subsection.6.2}{\376\377\000M\000A\000C\000\040\000:\000\040\000M\000u\000l\000t\000i\000p\000l\000e\000x\000a\000g\000e}{section.6}% 64
\BOOKMARK [3][-]{subsubsection.6.2.1}{\376\377\000F\000r\000e\000q\000u\000e\000n\000c\000y\000\040\000D\000o\000m\000a\000i\000n\000\040\000M\000u\000l\000t\000i\000p\000l\000e\000\040\000A\000c\000c\000e\000s\000s\000\040\000\050\000F\000D\000M\000A\000\051}{subsection.6.2}% 65
\BOOKMARK [3][-]{subsubsection.6.2.2}{\376\377\000T\000i\000m\000e\000\040\000D\000o\000m\000a\000i\000n\000\040\000M\000u\000l\000t\000i\000p\000l\000e\000\040\000A\000c\000c\000e\000s\000s\000\040\000\050\000T\000D\000M\000A\000\051}{subsection.6.2}% 66
\BOOKMARK [3][-]{subsubsection.6.2.3}{\376\377\000C\000o\000d\000e\000\040\000D\000i\000v\000i\000s\000i\000o\000n\000\040\000M\000u\000l\000t\000i\000p\000l\000e\000\040\000A\000c\000c\000e\000s\000s\000\040\000\050\000C\000D\000M\000A\000\051}{subsection.6.2}% 67
\BOOKMARK [2][-]{subsection.6.3}{\376\377\000G\000e\000s\000t\000i\000o\000n\000\040\000d\000e\000s\000\040\000e\000r\000r\000e\000u\000r\000s}{section.6}% 68
\BOOKMARK [3][-]{subsubsection.6.3.1}{\376\377\000C\000a\000u\000s\000e\000s\000\040\000d\000e\000s\000\040\000e\000r\000r\000e\000u\000r\000s}{subsection.6.3}% 69
\BOOKMARK [3][-]{subsubsection.6.3.2}{\376\377\000C\000o\000d\000e\000\040\000d\000\351\000t\000e\000c\000t\000e\000u\000r\000\040\000e\000t\000\040\000c\000o\000r\000r\000e\000c\000t\000e\000u\000r\000\040\000d\000'\000e\000r\000r\000e\000u\000r}{subsection.6.3}% 70
\BOOKMARK [3][-]{subsubsection.6.3.3}{\376\377\000C\000o\000d\000e\000s\000\040\000e\000t\000\040\000r\000e\000d\000o\000n\000d\000a\000n\000c\000e}{subsection.6.3}% 71
\BOOKMARK [3][-]{subsubsection.6.3.4}{\376\377\000C\000o\000d\000e\000\040\000V\000S\000.\000\040\000e\000n\000c\000o\000d\000a\000g\000e}{subsection.6.3}% 72
\BOOKMARK [3][-]{subsubsection.6.3.5}{\376\377\000T\000h\000\351\000o\000r\000i\000e\000\040\000d\000e\000s\000\040\000c\000o\000d\000e\000s}{subsection.6.3}% 73
\BOOKMARK [1][-]{section.7}{\376\377\000C\000o\000m\000p\000r\000e\000s\000s\000i\000o\000n}{}% 74
\BOOKMARK [2][-]{subsection.7.1}{\376\377\000C\000o\000d\000a\000g\000e\000\040\000s\000a\000n\000s\000\040\000p\000e\000r\000t\000e\000s}{section.7}% 75
\BOOKMARK [3][-]{subsubsection.7.1.1}{\376\377\000C\000o\000d\000a\000g\000e\000\040\000e\000n\000t\000r\000o\000p\000i\000q\000u\000e}{subsection.7.1}% 76
\BOOKMARK [3][-]{subsubsection.7.1.2}{\376\377\000C\000o\000d\000e\000\040\000d\000e\000\040\000H\000u\000f\000f\000m\000a\000n}{subsection.7.1}% 77
\BOOKMARK [3][-]{subsubsection.7.1.3}{\376\377\000L\000e\000m\000p\000e\000l\000-\000Z\000i\000v}{subsection.7.1}% 78
\BOOKMARK [2][-]{subsection.7.2}{\376\377\000C\000o\000d\000a\000g\000e\000\040\000a\000v\000e\000c\000\040\000p\000e\000r\000t\000e\000s}{section.7}% 79
\BOOKMARK [3][-]{subsubsection.7.2.1}{\376\377\000J\000P\000E\000G}{subsection.7.2}% 80
\BOOKMARK [2][-]{subsection.7.3}{\376\377\000V\000i\000d\000\351\000o}{section.7}% 81
\BOOKMARK [1][-]{section.8}{\376\377\000C\000o\000m\000m\000u\000n\000i\000c\000a\000t\000i\000o\000n\000s\000\040\000M\000o\000b\000i\000l\000e\000s}{}% 82
\BOOKMARK [2][-]{subsection.8.1}{\376\377\000G\000S\000M\000\040\000\050\0002\000G\000\051}{section.8}% 83
\BOOKMARK [2][-]{subsection.8.2}{\376\377\000R\000\351\000u\000t\000i\000l\000i\000s\000a\000t\000i\000o\000n\000\040\000d\000e\000s\000\040\000f\000r\000\351\000q\000u\000e\000n\000c\000e\000s}{section.8}% 84
\BOOKMARK [2][-]{subsection.8.3}{\376\377\000M\000o\000d\000u\000l\000a\000t\000i\000o\000n\000s}{section.8}% 85
\BOOKMARK [2][-]{subsection.8.4}{\376\377\000M\000u\000l\000t\000i\000p\000l\000e\000x\000a\000g\000e}{section.8}% 86
\BOOKMARK [3][-]{subsubsection.8.4.1}{\376\377\000S\000t\000r\000u\000c\000t\000u\000r\000e\000\040\000t\000i\000m\000e\000s\000l\000o\000t}{subsection.8.4}% 87
\BOOKMARK [2][-]{subsection.8.5}{\376\377\000D\000i\000s\000t\000o\000r\000s\000i\000o\000n}{section.8}% 88
\BOOKMARK [2][-]{subsection.8.6}{\376\377\000A\000l\000i\000g\000n\000e\000m\000e\000n\000t\000\040\000d\000y\000n\000a\000m\000i\000q\000u\000e}{section.8}% 89
\BOOKMARK [2][-]{subsection.8.7}{\376\377\000A\000c\000c\000\350\000s\000\040\000a\000u\000\040\000s\000y\000s\000t\000\350\000m\000e}{section.8}% 90
\BOOKMARK [2][-]{subsection.8.8}{\376\377\000H\000a\000n\000d\000o\000v\000e\000r}{section.8}% 91
\BOOKMARK [2][-]{subsection.8.9}{\376\377\000I\000n\000t\000e\000r\000n\000e\000t\000\040\000s\000u\000r\000\040\000G\000S\000M}{section.8}% 92
\BOOKMARK [3][-]{subsubsection.8.9.1}{\376\377\000G\000P\000R\000S\000\040\000\050\0002\000.\0005\000G\000\051}{subsection.8.9}% 93
\BOOKMARK [3][-]{subsubsection.8.9.2}{\376\377\000E\000d\000g\000e\000\040\000\050\0002\000.\0007\0005\000G\000\051}{subsection.8.9}% 94
\BOOKMARK [3][-]{subsubsection.8.9.3}{\376\377\000U\000M\000T\000S\000\040\000\050\0003\000G\000\051}{subsection.8.9}% 95
\BOOKMARK [3][-]{subsubsection.8.9.4}{\376\377\000L\000T\000E\000\040\000\050\0004\000G\000\051}{subsection.8.9}% 96
\BOOKMARK [1][-]{section.9}{\376\377\000W\000I\000F\000I}{}% 97
\BOOKMARK [2][-]{subsection.9.1}{\376\377\000M\000o\000d\000u\000l\000a\000t\000i\000o\000n}{section.9}% 98
\BOOKMARK [2][-]{subsection.9.2}{\376\377\000S\000t\000a\000n\000d\000a\000r\000d}{section.9}% 99
